<?xml version="1.0" encoding="UTF-8"?>
<!-- Generated by org.testng.reporters.JUnitReportReporter -->
<testsuite hostname="ASDA1573PO02037" name="SendMavenEmail.MacmillanInstructorModule.LoginPageAutomationTest" tests="5" failures="0" timestamp="18 Jul 2019 10:25:46 GMT" time="8.502" errors="0">
  <testcase name="Test3Username" time="1.119" classname="SendMavenEmail.MacmillanInstructorModule.LoginPageAutomationTest"/>
  <testcase name="Test4Password" time="1.104" classname="SendMavenEmail.MacmillanInstructorModule.LoginPageAutomationTest"/>
  <testcase name="Test5" time="1.071" classname="SendMavenEmail.MacmillanInstructorModule.LoginPageAutomationTest"/>
  <testcase name="Test4CheckUsername" time="0.036" classname="SendMavenEmail.MacmillanInstructorModule.LoginPageAutomationTest"/>
  <testcase name="Test2Clickonsignin" time="5.172" classname="SendMavenEmail.MacmillanInstructorModule.LoginPageAutomationTest"/>
</testsuite> <!-- SendMavenEmail.MacmillanInstructorModule.LoginPageAutomationTest -->
