<?xml version="1.0" encoding="UTF-8"?>
<!-- Generated by org.testng.reporters.JUnitReportReporter -->
<testsuite hostname="ASDA1573PO02037" name="SendMavenEmail.MacmillanInstructorModule.LoginPageAutomationTest" tests="4" failures="0" timestamp="23 Jul 2019 07:21:08 GMT" time="11.481" errors="0">
  <testcase name="Test4Password" time="2.167" classname="SendMavenEmail.MacmillanInstructorModule.LoginPageAutomationTest"/>
  <testcase name="Test5" time="2.068" classname="SendMavenEmail.MacmillanInstructorModule.LoginPageAutomationTest"/>
  <testcase name="Test2Clickonsignin" time="5.067" classname="SendMavenEmail.MacmillanInstructorModule.LoginPageAutomationTest"/>
  <testcase name="Test3Username" time="2.179" classname="SendMavenEmail.MacmillanInstructorModule.LoginPageAutomationTest"/>
</testsuite> <!-- SendMavenEmail.MacmillanInstructorModule.LoginPageAutomationTest -->
